#
# A fatal error has been detected by the Java Runtime Environment:
#
#  EXCEPTION_ACCESS_VIOLATION (0xc0000005) at pc=0x0000000000000000, pid=12020, tid=8968
#
# JRE version:  (10.0.2+13) (build )
# Java VM: Java HotSpot(TM) 64-Bit Server VM (10.0.2+13, mixed mode, tiered, compressed oops, g1 gc, windows-amd64)
# Problematic frame:
# C  0x0000000000000000
#
# No core dump will be written. Minidumps are not enabled by default on client versions of Windows
#
# If you would like to submit a bug report, please visit:
#   http://bugreport.java.com/bugreport/crash.jsp
# The crash happened outside the Java Virtual Machine in native code.
# See problematic frame for where to report the bug.
#

---------------  S U M M A R Y ------------

Command Line: -Dfile.encoding=Cp1251 view.Main

Host: Intel(R) Core(TM) i5-3317U CPU @ 1.70GHz, 4 cores, 3G,  Windows 8.1 , 64 bit Build 9600 (6.3.9600.19538)
Time: Sat Jan 11 23:11:06 2020 Ea?onaeeineia a?aiy (ceia) elapsed time: 0 seconds (0d 0h 0m 0s)

---------------  T H R E A D  ---------------

Current thread (0x0000007c9c004800):  JavaThread "main" [_thread_in_native, id=8968, stack(0x0000007c9bf00000,0x0000007c9c000000)]

Stack: [0x0000007c9bf00000,0x0000007c9c000000],  sp=0x0000007c9bffe828,  free space=1018k
Native frames: (J=compiled Java code, j=interpreted, Vv=VM code, C=native code)

Java frames: (J=compiled Java code, j=interpreted, Vv=VM code)
j  java.lang.System.initProperties(Ljava/util/Properties;)Ljava/util/Properties;+0 java.base
j  java.lang.System.initPhase1()V+15 java.base
v  ~StubRoutines::call_stub

siginfo: EXCEPTION_ACCESS_VIOLATION (0xc0000005), data execution prevention violation at address 0x0000000000000000


Register to memory mapping:

RIP=0x0000000000000000 is an unknown value
RAX=0x0000000000000000 is an unknown value
RBX=0x0000000000000000 is an unknown value
RCX=0x0000000000000000 is an unknown value
RDX=0x0000000000004028 is an unknown value
RSP=0x0000007c9bffe828 is pointing into the stack for thread: 0x0000007c9c004800
RBP=0x0000007c9bffeba0 is pointing into the stack for thread: 0x0000007c9c004800
RSI=0x0000000000000000 is an unknown value
RDI=0x0000000000000009 is an unknown value
R8 =0x0000000000000000 is an unknown value
R9 =0x0000000000000000 is an unknown value
R10=0x00007ffa00200000 is an unknown value
R11=0x0000007c9bffe190 is pointing into the stack for thread: 0x0000007c9c004800
R12=0x0000000000000001 is an unknown value
R13=0x0000007cb827d101 is pointing into metadata
R14=0x0000000000000006 is an unknown value
R15=0x000000000000077c is an unknown value


Registers:
RAX=0x0000000000000000, RBX=0x0000000000000000, RCX=0x0000000000000000, RDX=0x0000000000004028
RSP=0x0000007c9bffe828, RBP=0x0000007c9bffeba0, RSI=0x0000000000000000, RDI=0x0000000000000009
R8 =0x0000000000000000, R9 =0x0000000000000000, R10=0x00007ffa00200000, R11=0x0000007c9bffe190
R12=0x0000000000000001, R13=0x0000007cb827d101, R14=0x0000000000000006, R15=0x000000000000077c
RIP=0x0000000000000000, EFLAGS=0x0000000000010206

Top of Stack: (sp=0x0000007c9bffe828)
0x0000007c9bffe828:   00007ffab41dd497 0000000000000000
0x0000007c9bffe838:   0000000000004028 0000000000000000
0x0000007c9bffe848:   0000000000000000 0000007c9bffe870
0x0000007c9bffe858:   00007ffac29ac020 0000007c80004005
0x0000007c9bffe868:   0000000000000000 00000000af0003ac
0x0000007c9bffe878:   0000000000000000 0000007c9a5c0cc0
0x0000007c9bffe888:   000000000000001d 0000000000000020
0x0000007c9bffe898:   00007ffab42a3563 0000007c9bffe9f8
0x0000007c9bffe8a8:   0000000000000000 0000007c9a6e0000
0x0000007c9bffe8b8:   0000007cb827d101 0000000000000000
0x0000007c9bffe8c8:   0000000000000002 0000000000000020
0x0000007c9bffe8d8:   0000000000000008 000000000000000c
0x0000007c9bffe8e8:   00007ffac2940d67 0000007c9a5c0000
0x0000007c9bffe8f8:   0000000000000000 000000000000000c
0x0000007c9bffe908:   0000000000000008 0000000000000004
0x0000007c9bffe918:   00007ffac2940d67 0000007c9a5c0000 

Instructions: (pc=0x0000000000000000)
0xffffffffffffffe0:   



---------------  P R O C E S S  ---------------

Threads class SMR info:
_java_thread_list=0x0000007cb8b571c0, length=3, elements={
0x0000007c9c004800, 0x0000007cb8b87000, 0x0000007cb8b92000
}

Java Threads: ( => current thread )
=>0x0000007c9c004800 JavaThread "main" [_thread_in_native, id=8968, stack(0x0000007c9bf00000,0x0000007c9c000000)]
  0x0000007cb8b87000 JavaThread "Reference Handler" daemon [_thread_blocked, id=9920, stack(0x0000007cb8d60000,0x0000007cb8e60000)]
  0x0000007cb8b92000 JavaThread "Finalizer" daemon [_thread_blocked, id=6324, stack(0x0000007cb8e60000,0x0000007cb8f60000)]

Other Threads:
  0x0000007cb8b57800 VMThread "VM Thread" [stack: 0x0000007cb8c60000,0x0000007cb8d60000] [id=11664]
  0x0000007c9c01e000 GCTaskThread "GC Thread#0" [stack: 0x0000007cb29b0000,0x0000007cb2ab0000] [id=1496]
  0x0000007c9c01f800 GCTaskThread "GC Thread#1" [stack: 0x0000007cb2ab0000,0x0000007cb2bb0000] [id=11476]
  0x0000007c9c021000 GCTaskThread "GC Thread#2" [stack: 0x0000007cb2bb0000,0x0000007cb2cb0000] [id=6652]
  0x0000007c9c023800 GCTaskThread "GC Thread#3" [stack: 0x0000007cb2cb0000,0x0000007cb2db0000] [id=6360]
  0x0000007c9c05e000 ConcurrentGCThread "G1 Main Marker" [stack: 0x0000007cb5710000,0x0000007cb5810000] [id=10844]
  0x0000007c9c068000 ConcurrentGCThread "G1 Conc#0" [stack: 0x0000007cb5810000,0x0000007cb5910000] [id=11112]
  0x0000007c9c0b0000 ConcurrentGCThread "G1 Refine#0" [stack: 0x0000007cb7d60000,0x0000007cb7e60000] [id=8072]
  0x0000007c9c0b1000 ConcurrentGCThread "G1 Refine#1" [stack: 0x0000007cb7e60000,0x0000007cb7f60000] [id=11180]
  0x0000007c9c0b2000 ConcurrentGCThread "G1 Refine#2" [stack: 0x0000007cb7f60000,0x0000007cb8060000] [id=10888]
  0x0000007c9c0b8000 ConcurrentGCThread "G1 Refine#3" [stack: 0x0000007cb8060000,0x0000007cb8160000] [id=11812]
  0x0000007c9c0bb800 ConcurrentGCThread "G1 Young RemSet Sampling" [stack: 0x0000007cb8160000,0x0000007cb8260000] [id=4820]

Threads with active compile tasks:

VM state:not at safepoint (normal execution)

VM Mutex/Monitor currently owned by a thread: None

Heap address: 0x00000000c1c00000, size: 996 MB, Compressed Oops mode: 32-bit
Narrow klass base: 0x0000000000000000, Narrow klass shift: 3
Compressed class space size: 1073741824 Address: 0x0000000100000000

Heap:
 garbage-first heap   total 65536K, used 0K [0x00000000c1c00000, 0x0000000100000000)
  region size 1024K, 1 young (1024K), 0 survivors (0K)
 Metaspace       used 1336K, capacity 4480K, committed 4480K, reserved 1056768K
  class space    used 115K, capacity 384K, committed 384K, reserved 1048576K
Heap Regions: E=young(eden), S=young(survivor), O=old, HS=humongous(starts), HC=humongous(continues), CS=collection set, F=free, A=archive, TS=gc time stamp, AC=allocation context, TAMS=top-at-mark-start (previous, next)
|   0|0x00000000c1c00000, 0x00000000c1c00000, 0x00000000c1d00000|  0%| F|  |TS  0|AC  0|TAMS 0x00000000c1c00000, 0x00000000c1c00000|
|   1|0x00000000c1d00000, 0x00000000c1d00000, 0x00000000c1e00000|  0%| F|  |TS  0|AC  0|TAMS 0x00000000c1d00000, 0x00000000c1d00000|
|   2|0x00000000c1e00000, 0x00000000c1e00000, 0x00000000c1f00000|  0%| F|  |TS  0|AC  0|TAMS 0x00000000c1e00000, 0x00000000c1e00000|
|   3|0x00000000c1f00000, 0x00000000c1f00000, 0x00000000c2000000|  0%| F|  |TS  0|AC  0|TAMS 0x00000000c1f00000, 0x00000000c1f00000|
|   4|0x00000000c2000000, 0x00000000c2000000, 0x00000000c2100000|  0%| F|  |TS  0|AC  0|TAMS 0x00000000c2000000, 0x00000000c2000000|
|   5|0x00000000c2100000, 0x00000000c2100000, 0x00000000c2200000|  0%| F|  |TS  0|AC  0|TAMS 0x00000000c2100000, 0x00000000c2100000|
|   6|0x00000000c2200000, 0x00000000c2200000, 0x00000000c2300000|  0%| F|  |TS  0|AC  0|TAMS 0x00000000c2200000, 0x00000000c2200000|
|   7|0x00000000c2300000, 0x00000000c2300000, 0x00000000c2400000|  0%| F|  |TS  0|AC  0|TAMS 0x00000000c2300000, 0x00000000c2300000|
|   8|0x00000000c2400000, 0x00000000c2400000, 0x00000000c2500000|  0%| F|  |TS  0|AC  0|TAMS 0x00000000c2400000, 0x00000000c2400000|
|   9|0x00000000c2500000, 0x00000000c2500000, 0x00000000c2600000|  0%| F|  |TS  0|AC  0|TAMS 0x00000000c2500000, 0x00000000c2500000|
|  10|0x00000000c2600000, 0x00000000c2600000, 0x00000000c2700000|  0%| F|  |TS  0|AC  0|TAMS 0x00000000c2600000, 0x00000000c2600000|
|  11|0x00000000c2700000, 0x00000000c2700000, 0x00000000c2800000|  0%| F|  |TS  0|AC  0|TAMS 0x00000000c2700000, 0x00000000c2700000|
|  12|0x00000000c2800000, 0x00000000c2800000, 0x00000000c2900000|  0%| F|  |TS  0|AC  0|TAMS 0x00000000c2800000, 0x00000000c2800000|
|  13|0x00000000c2900000, 0x00000000c2900000, 0x00000000c2a00000|  0%| F|  |TS  0|AC  0|TAMS 0x00000000c2900000, 0x00000000c2900000|
|  14|0x00000000c2a00000, 0x00000000c2a00000, 0x00000000c2b00000|  0%| F|  |TS  0|AC  0|TAMS 0x00000000c2a00000, 0x00000000c2a00000|
|  15|0x00000000c2b00000, 0x00000000c2b00000, 0x00000000c2c00000|  0%| F|  |TS  0|AC  0|TAMS 0x00000000c2b00000, 0x00000000c2b00000|
|  16|0x00000000c2c00000, 0x00000000c2c00000, 0x00000000c2d00000|  0%| F|  |TS  0|AC  0|TAMS 0x00000000c2c00000, 0x00000000c2c00000|
|  17|0x00000000c2d00000, 0x00000000c2d00000, 0x00000000c2e00000|  0%| F|  |TS  0|AC  0|TAMS 0x00000000c2d00000, 0x00000000c2d00000|
|  18|0x00000000c2e00000, 0x00000000c2e00000, 0x00000000c2f00000|  0%| F|  |TS  0|AC  0|TAMS 0x00000000c2e00000, 0x00000000c2e00000|
|  19|0x00000000c2f00000, 0x00000000c2f00000, 0x00000000c3000000|  0%| F|  |TS  0|AC  0|TAMS 0x00000000c2f00000, 0x00000000c2f00000|
|  20|0x00000000c3000000, 0x00000000c3000000, 0x00000000c3100000|  0%| F|  |TS  0|AC  0|TAMS 0x00000000c3000000, 0x00000000c3000000|
|  21|0x00000000c3100000, 0x00000000c3100000, 0x00000000c3200000|  0%| F|  |TS  0|AC  0|TAMS 0x00000000c3100000, 0x00000000c3100000|
|  22|0x00000000c3200000, 0x00000000c3200000, 0x00000000c3300000|  0%| F|  |TS  0|AC  0|TAMS 0x00000000c3200000, 0x00000000c3200000|
|  23|0x00000000c3300000, 0x00000000c3300000, 0x00000000c3400000|  0%| F|  |TS  0|AC  0|TAMS 0x00000000c3300000, 0x00000000c3300000|
|  24|0x00000000c3400000, 0x00000000c3400000, 0x00000000c3500000|  0%| F|  |TS  0|AC  0|TAMS 0x00000000c3400000, 0x00000000c3400000|
|  25|0x00000000c3500000, 0x00000000c3500000, 0x00000000c3600000|  0%| F|  |TS  0|AC  0|TAMS 0x00000000c3500000, 0x00000000c3500000|
|  26|0x00000000c3600000, 0x00000000c3600000, 0x00000000c3700000|  0%| F|  |TS  0|AC  0|TAMS 0x00000000c3600000, 0x00000000c3600000|
|  27|0x00000000c3700000, 0x00000000c3700000, 0x00000000c3800000|  0%| F|  |TS  0|AC  0|TAMS 0x00000000c3700000, 0x00000000c3700000|
|  28|0x00000000c3800000, 0x00000000c3800000, 0x00000000c3900000|  0%| F|  |TS  0|AC  0|TAMS 0x00000000c3800000, 0x00000000c3800000|
|  29|0x00000000c3900000, 0x00000000c3900000, 0x00000000c3a00000|  0%| F|  |TS  0|AC  0|TAMS 0x00000000c3900000, 0x00000000c3900000|
|  30|0x00000000c3a00000, 0x00000000c3a00000, 0x00000000c3b00000|  0%| F|  |TS  0|AC  0|TAMS 0x00000000c3a00000, 0x00000000c3a00000|
|  31|0x00000000c3b00000, 0x00000000c3b00000, 0x00000000c3c00000|  0%| F|  |TS  0|AC  0|TAMS 0x00000000c3b00000, 0x00000000c3b00000|
|  32|0x00000000c3c00000, 0x00000000c3c00000, 0x00000000c3d00000|  0%| F|  |TS  0|AC  0|TAMS 0x00000000c3c00000, 0x00000000c3c00000|
|  33|0x00000000c3d00000, 0x00000000c3d00000, 0x00000000c3e00000|  0%| F|  |TS  0|AC  0|TAMS 0x00000000c3d00000, 0x00000000c3d00000|
|  34|0x00000000c3e00000, 0x00000000c3e00000, 0x00000000c3f00000|  0%| F|  |TS  0|AC  0|TAMS 0x00000000c3e00000, 0x00000000c3e00000|
|  35|0x00000000c3f00000, 0x00000000c3f00000, 0x00000000c4000000|  0%| F|  |TS  0|AC  0|TAMS 0x00000000c3f00000, 0x00000000c3f00000|
|  36|0x00000000c4000000, 0x00000000c4000000, 0x00000000c4100000|  0%| F|  |TS  0|AC  0|TAMS 0x00000000c4000000, 0x00000000c4000000|
|  37|0x00000000c4100000, 0x00000000c4100000, 0x00000000c4200000|  0%| F|  |TS  0|AC  0|TAMS 0x00000000c4100000, 0x00000000c4100000|
|  38|0x00000000c4200000, 0x00000000c4200000, 0x00000000c4300000|  0%| F|  |TS  0|AC  0|TAMS 0x00000000c4200000, 0x00000000c4200000|
|  39|0x00000000c4300000, 0x00000000c4300000, 0x00000000c4400000|  0%| F|  |TS  0|AC  0|TAMS 0x00000000c4300000, 0x00000000c4300000|
|  40|0x00000000c4400000, 0x00000000c4400000, 0x00000000c4500000|  0%| F|  |TS  0|AC  0|TAMS 0x00000000c4400000, 0x00000000c4400000|
|  41|0x00000000c4500000, 0x00000000c4500000, 0x00000000c4600000|  0%| F|  |TS  0|AC  0|TAMS 0x00000000c4500000, 0x00000000c4500000|
|  42|0x00000000c4600000, 0x00000000c4600000, 0x00000000c4700000|  0%| F|  |TS  0|AC  0|TAMS 0x00000000c4600000, 0x00000000c4600000|
|  43|0x00000000c4700000, 0x00000000c4700000, 0x00000000c4800000|  0%| F|  |TS  0|AC  0|TAMS 0x00000000c4700000, 0x00000000c4700000|
|  44|0x00000000c4800000, 0x00000000c4800000, 0x00000000c4900000|  0%| F|  |TS  0|AC  0|TAMS 0x00000000c4800000, 0x00000000c4800000|
|  45|0x00000000c4900000, 0x00000000c4900000, 0x00000000c4a00000|  0%| F|  |TS  0|AC  0|TAMS 0x00000000c4900000, 0x00000000c4900000|
|  46|0x00000000c4a00000, 0x00000000c4a00000, 0x00000000c4b00000|  0%| F|  |TS  0|AC  0|TAMS 0x00000000c4a00000, 0x00000000c4a00000|
|  47|0x00000000c4b00000, 0x00000000c4b00000, 0x00000000c4c00000|  0%| F|  |TS  0|AC  0|TAMS 0x00000000c4b00000, 0x00000000c4b00000|
|  48|0x00000000c4c00000, 0x00000000c4c00000, 0x00000000c4d00000|  0%| F|  |TS  0|AC  0|TAMS 0x00000000c4c00000, 0x00000000c4c00000|
|  49|0x00000000c4d00000, 0x00000000c4d00000, 0x00000000c4e00000|  0%| F|  |TS  0|AC  0|TAMS 0x00000000c4d00000, 0x00000000c4d00000|
|  50|0x00000000c4e00000, 0x00000000c4e00000, 0x00000000c4f00000|  0%| F|  |TS  0|AC  0|TAMS 0x00000000c4e00000, 0x00000000c4e00000|
|  51|0x00000000c4f00000, 0x00000000c4f00000, 0x00000000c5000000|  0%| F|  |TS  0|AC  0|TAMS 0x00000000c4f00000, 0x00000000c4f00000|
|  52|0x00000000c5000000, 0x00000000c5000000, 0x00000000c5100000|  0%| F|  |TS  0|AC  0|TAMS 0x00000000c5000000, 0x00000000c5000000|
|  53|0x00000000c5100000, 0x00000000c5100000, 0x00000000c5200000|  0%| F|  |TS  0|AC  0|TAMS 0x00000000c5100000, 0x00000000c5100000|
|  54|0x00000000c5200000, 0x00000000c5200000, 0x00000000c5300000|  0%| F|  |TS  0|AC  0|TAMS 0x00000000c5200000, 0x00000000c5200000|
|  55|0x00000000c5300000, 0x00000000c5300000, 0x00000000c5400000|  0%| F|  |TS  0|AC  0|TAMS 0x00000000c5300000, 0x00000000c5300000|
|  56|0x00000000c5400000, 0x00000000c5400000, 0x00000000c5500000|  0%| F|  |TS  0|AC  0|TAMS 0x00000000c5400000, 0x00000000c5400000|
|  57|0x00000000c5500000, 0x00000000c5500000, 0x00000000c5600000|  0%| F|  |TS  0|AC  0|TAMS 0x00000000c5500000, 0x00000000c5500000|
|  58|0x00000000c5600000, 0x00000000c5600000, 0x00000000c5700000|  0%| F|  |TS  0|AC  0|TAMS 0x00000000c5600000, 0x00000000c5600000|
|  59|0x00000000c5700000, 0x00000000c5700000, 0x00000000c5800000|  0%| F|  |TS  0|AC  0|TAMS 0x00000000c5700000, 0x00000000c5700000|
|  60|0x00000000c5800000, 0x00000000c5800000, 0x00000000c5900000|  0%| F|  |TS  0|AC  0|TAMS 0x00000000c5800000, 0x00000000c5800000|
|  61|0x00000000c5900000, 0x00000000c5900000, 0x00000000c5a00000|  0%| F|  |TS  0|AC  0|TAMS 0x00000000c5900000, 0x00000000c5900000|
|  62|0x00000000c5a00000, 0x00000000c5a00000, 0x00000000c5b00000|  0%| F|  |TS  0|AC  0|TAMS 0x00000000c5a00000, 0x00000000c5a00000|
|  63|0x00000000c5b00000, 0x00000000c5b8f688, 0x00000000c5c00000| 56%| E|  |TS  0|AC  0|TAMS 0x00000000c5b00000, 0x00000000c5b00000|

Card table byte_map: [0x0000007cb33f0000,0x0000007cb35f0000] byte_map_base: 0x0000007cb2de2000

Marking Bits (Prev, Next): (CMBitMap*) 0x0000007c9c05d560, (CMBitMap*) 0x0000007c9c05d598
 Prev Bits: [0x0000007cb37f0000, 0x0000007cb4780000)
 Next Bits: [0x0000007cb4780000, 0x0000007cb5710000)

Polling page: 0x0000007c9a630000

CodeHeap 'non-profiled nmethods': size=120064Kb used=0Kb max_used=0Kb free=120064Kb
 bounds [0x0000007cab290000, 0x0000007cab500000, 0x0000007cb27d0000]
CodeHeap 'profiled nmethods': size=120000Kb used=0Kb max_used=0Kb free=120000Kb
 bounds [0x0000007ca3d60000, 0x0000007ca3fd0000, 0x0000007cab290000]
CodeHeap 'non-nmethods': size=5696Kb used=352Kb max_used=352Kb free=5343Kb
 bounds [0x0000007ca37d0000, 0x0000007ca3a40000, 0x0000007ca3d60000]
 total_blobs=137 nmethods=0 adapters=93
 compilation: enabled

Compilation events (0 events):
No events

GC Heap History (0 events):
No events

Deoptimization events (0 events):
No events

Classes redefined (0 events):
No events

Internal exceptions (0 events):
No events

Events (10 events):
Event: 0.048 loading class jdk/internal/misc/JavaLangRefAccess
Event: 0.048 loading class jdk/internal/misc/JavaLangRefAccess done
Event: 0.048 loading class java/lang/ref/Reference$1 done
Event: 0.048 loading class jdk/internal/misc/SharedSecrets
Event: 0.049 loading class jdk/internal/misc/SharedSecrets done
Event: 0.049 loading class java/lang/ref/Finalizer$FinalizerThread
Event: 0.049 loading class java/lang/ref/Finalizer$FinalizerThread done
Event: 0.049 Thread 0x0000007cb8b92000 Thread added: 0x0000007cb8b92000
Event: 0.049 loading class jdk/internal/misc/VM
Event: 0.050 loading class jdk/internal/misc/VM done


Dynamic libraries:
0x00007ff72c690000 - 0x00007ff72c6ce000 	C:\Program Files\Java\jre-10.0.2\bin\javaw.exe
0x00007ffac2910000 - 0x00007ffac2abd000 	C:\WINDOWS\SYSTEM32\ntdll.dll
0x00007ffac2560000 - 0x00007ffac269f000 	C:\WINDOWS\system32\KERNEL32.DLL
0x00007ffab42a0000 - 0x00007ffab42b4000 	C:\Program Files (x86)\AVG\Antivirus\aswhook.dll
0x00007ffabfd20000 - 0x00007ffabfe36000 	C:\WINDOWS\system32\KERNELBASE.dll
0x00007ffac1de0000 - 0x00007ffac1e8a000 	C:\WINDOWS\system32\ADVAPI32.dll
0x00007ffac0150000 - 0x00007ffac02c7000 	C:\WINDOWS\system32\USER32.dll
0x00007ffabc730000 - 0x00007ffabc9ab000 	C:\WINDOWS\WinSxS\amd64_microsoft.windows.common-controls_6595b64144ccf1df_6.0.9600.19394_none_62486577ecb635cf\COMCTL32.dll
0x00007ffab8340000 - 0x00007ffab834a000 	C:\WINDOWS\SYSTEM32\VERSION.dll
0x00007ffac1a50000 - 0x00007ffac1afa000 	C:\WINDOWS\system32\msvcrt.dll
0x00007ffac1e90000 - 0x00007ffac1ee9000 	C:\WINDOWS\SYSTEM32\sechost.dll
0x00007ffac03e0000 - 0x00007ffac0520000 	C:\WINDOWS\system32\RPCRT4.dll
0x00007ffac2410000 - 0x00007ffac255c000 	C:\WINDOWS\system32\GDI32.dll
0x00007ffabfcf0000 - 0x00007ffabfd1e000 	C:\WINDOWS\system32\SspiCli.dll
0x00007ffac03a0000 - 0x00007ffac03d6000 	C:\WINDOWS\system32\IMM32.DLL
0x00007ffac1f10000 - 0x00007ffac2062000 	C:\WINDOWS\system32\MSCTF.dll
0x00007ffa9ac40000 - 0x00007ffa9ad2f000 	C:\Program Files\Java\jre-10.0.2\bin\msvcr120.dll
0x00007ffa99850000 - 0x00007ffa998f6000 	C:\Program Files\Java\jre-10.0.2\bin\msvcp120.dll
0x0000000053190000 - 0x0000000053c00000 	C:\Program Files\Java\jre-10.0.2\bin\server\jvm.dll
0x00007ffab8d00000 - 0x00007ffab8d09000 	C:\WINDOWS\SYSTEM32\WSOCK32.dll
0x00007ffab7990000 - 0x00007ffab79b2000 	C:\WINDOWS\SYSTEM32\WINMM.dll
0x00007ffabffa0000 - 0x00007ffabffa7000 	C:\WINDOWS\system32\PSAPI.DLL
0x00007ffac26a0000 - 0x00007ffac26fa000 	C:\WINDOWS\system32\WS2_32.dll
0x00007ffab7960000 - 0x00007ffab798a000 	C:\WINDOWS\SYSTEM32\WINMMBASE.dll
0x00007ffac1ef0000 - 0x00007ffac1ef9000 	C:\WINDOWS\system32\NSI.dll
0x00007ffabff50000 - 0x00007ffabff9f000 	C:\WINDOWS\SYSTEM32\cfgmgr32.dll
0x00007ffabe850000 - 0x00007ffabe878000 	C:\WINDOWS\SYSTEM32\DEVOBJ.dll
0x00007ffab4240000 - 0x00007ffab424f000 	C:\Program Files\Java\jre-10.0.2\bin\verify.dll
0x00007ffab6fa0000 - 0x00007ffab7129000 	C:\WINDOWS\SYSTEM32\DBGHELP.DLL
0x00007ffab41d0000 - 0x00007ffab41f7000 	C:\Program Files\Java\jre-10.0.2\bin\java.dll
0x00007ffab40d0000 - 0x00007ffab40e6000 	C:\Program Files\Java\jre-10.0.2\bin\zip.dll
0x00007ffab4210000 - 0x00007ffab421a000 	C:\Program Files\Java\jre-10.0.2\bin\jimage.dll

dbghelp: loaded successfully - version: 4.0.5 - missing functions: none
symbol engine: initialized successfully - sym options: 0x614 - pdb path: .;C:\Program Files\Java\jre-10.0.2\bin;C:\WINDOWS\SYSTEM32;C:\Program Files (x86)\AVG\Antivirus;C:\WINDOWS\WinSxS\amd64_microsoft.windows.common-controls_6595b64144ccf1df_6.0.9600.19394_none_62486577ecb635cf;C:\Program Files\Java\jre-10.0.2\bin\server

VM Arguments:
jvm_args: -Dfile.encoding=Cp1251 
java_command: view.Main
java_class_path (initial): C:\Users\Admin\git\FlightGearSimulator-AutoPilot-\JoysteckDemo\bin
Launcher Type: SUN_STANDARD

Logging:
Log output configuration:
#0: stdout all=warning uptime,level,tags
#1: stderr all=off uptime,level,tags

Environment Variables:
PATH=C:\Program Files (x86)\Common Files\Oracle\Java\javapath;C:\ProgramData\Oracle\Java\javapath;C:\Program Files (x86)\Intel\iCLS Client\;C:\Program Files\Intel\iCLS Client\;C:\WINDOWS\system32;C:\WINDOWS;C:\WINDOWS\System32\Wbem;C:\WINDOWS\System32\WindowsPowerShell\v1.0\;C:\Program Files (x86)\Windows Live\Shared;C:\Program Files\Intel\Intel(R) Management Engine Components\DAL;C:\Program Files\Intel\Intel(R) Management Engine Components\IPT;C:\Program Files (x86)\Intel\Intel(R) Management Engine Components\DAL;C:\Program Files (x86)\Intel\Intel(R) Management Engine Components\IPT;C:\Program Files (x86)\Intel\OpenCL SDK\2.0\bin\x86;C:\Program Files (x86)\Intel\OpenCL SDK\2.0\bin\x64;C:\Program Files\Intel\WiFi\bin\;C:\Program Files\Common Files\Intel\WirelessCommon\;C:\Program Files\Microsoft\Web Platform Installer\;C:\Program Files\Microsoft SQL Server\Client SDK\ODBC\110\Tools\Binn\;C:\Program Files (x86)\Microsoft SQL Server\120\Tools\Binn\;C:\Program Files\Microsoft SQL Server\120\Tools\Binn\;C:\Program Files\Microsoft SQL Server\120\DTS\Binn\;C:\Program Files (x86)\Microsoft SQL Server\120\Tools\Binn\ManagementStudio\;C:\Program Files (x86)\Microsoft SQL Server\120\DTS\Binn\;C:\Program Files\dotnet\;C:\Users\Admin\Python27;C:\Program Files (x86)\Common Files\Oracle\Java\javapath;C:\ProgramData\Oracle\Java\javapath;C:\Program Files (x86)\Intel\iCLS Client\;C:\Program Files\Intel\iCLS Client\;C:\WINDOWS\system32;C:\WINDOWS;C:\WINDOWS\System32\Wbem;C:\WINDOWS\System32\WindowsPowerShell\v1.0\;C:\Program Files (x86)\Windows Live\Shared;C:\Program Files\Intel\Intel(R) Management Engine Components\DAL;C:\Program Files\Intel\Intel(R) Management Engine Components\IPT;C:\Program Files (x86)\Intel\Intel(R) Management Engine Components\DAL;C:\Program Files (x86)\Intel\Intel(R) Management Engine Components\IPT;C:\Program Files (x86)\Intel\OpenCL SDK\2.0\bin\x86;C:\Program Files (x86)\Intel\OpenCL SDK\2.0\bin\x64;C:\Program Files\Intel\WiFi\bin\;C:\Program Files\Common Files
USERNAME=Admin
OS=Windows_NT
PROCESSOR_IDENTIFIER=Intel64 Family 6 Model 58 Stepping 9, GenuineIntel



---------------  S Y S T E M  ---------------

OS: Windows 8.1 , 64 bit Build 9600 (6.3.9600.19538)

CPU:total 4 (initial active 4) (2 cores per cpu, 2 threads per core) family 6 model 58 stepping 9, cmov, cx8, fxsr, mmx, sse, sse2, sse3, ssse3, sse4.1, sse4.2, popcnt, avx, aes, clmul, erms, ht, tsc, tscinvbit, tscinv

Memory: 4k page, physical 4077484k(363644k free), swap 8703716k(4932k free)

vm_info: Java HotSpot(TM) 64-Bit Server VM (10.0.2+13) for windows-amd64 JRE (10.0.2+13), built on Jun 28 2018 01:57:56 by "mach5one" with MS VC++ 12.0 (VS2013)

END.
